In clock cycle: 0
Register Write to Reg: 0x05 Val: 0x7FFFF000
In clock cycle: 1
Register Write to Reg: 0x05 Val: 0x7FFFEFFF
In clock cycle: 2
Register Write to Reg: 0x06 Val: 0x80000000
In clock cycle: 3
Register Write to Reg: 0x07 Val: 0x7FFFF000
In clock cycle: 4
Register Write to Reg: 0x07 Val: 0x7FFFEFFF
Arithmetic Overflow Detected
In clock cycle: 6
Register Write to Reg: 0x1C Val: 0x00000001
In clock cycle: 8
Register Write to Reg: 0x1D Val: 0x00000001
In clock cycle: 9
Register Write to Reg: 0x00 Val: 0x00000008
In clock cycle: 10
Register Write to Reg: 0x1D Val: 0x00000000
In clock cycle: 11
Register Write to Reg: 0x00 Val: 0x00000105
Execution is stopping! Clock Cycle: 11
