Reading pref.tcl

# 2025.1_2

# vsim -postsimdataflow -debugdb -c -voptargs=""+acc"" tb -do "modelsim_framework.do" -gOUTPUT_TRACE=ms.trace 
# Start time: 03:40:48 on Nov 13,2025
# ** Note: (vsim-3812) Design is being optimized...
# ** Note: (vsim-8611) Generating debug db.
# ** Warning: (vopt-10587) Some optimizations are turned off because the +acc switch is in effect. This will cause your simulation to run slowly. Please use -access/-debug to maintain needed visibility. The +acc switch would be deprecated in a future release.
# ** Warning: ../../proj/src/bshiftr.vhd(36): (vopt-1152) Index value 32 is out of index range 31 downto 0 of ieee.std_logic_1164.STD_LOGIC_VECTOR.
# ** Warning: ../../proj/src/bshiftr.vhd(42): (vopt-1152) Index value 32 is out of index range 31 downto 0 of ieee.std_logic_1164.STD_LOGIC_VECTOR.
# ** Warning: ../../proj/src/bshiftr.vhd(42): (vopt-1152) Index value 33 is out of index range 31 downto 0 of ieee.std_logic_1164.STD_LOGIC_VECTOR.
# ** Warning: ../../proj/src/bshiftr.vhd(48): (vopt-1152) Index value 32 is out of index range 31 downto 0 of ieee.std_logic_1164.STD_LOGIC_VECTOR.
# ** Warning: ../../proj/src/bshiftr.vhd(48): (vopt-1152) Index value 33 is out of index range 31 downto 0 of ieee.std_logic_1164.STD_LOGIC_VECTOR.
# ** Warning: ../../proj/src/bshiftr.vhd(48): (vopt-1152) Index value 34 is out of index range 31 downto 0 of ieee.std_logic_1164.STD_LOGIC_VECTOR.
# ** Warning: ../../proj/src/bshiftr.vhd(48): (vopt-1152) Index value 35 is out of index range 31 downto 0 of ieee.std_logic_1164.STD_LOGIC_VECTOR.
# ** Warning: ../../proj/src/bshiftr.vhd(54): (vopt-1152) Index value 32 is out of index range 31 downto 0 of ieee.std_logic_1164.STD_LOGIC_VECTOR.
# ** Warning: ../../proj/src/bshiftr.vhd(54): (vopt-1152) Index value 33 is out of index range 31 downto 0 of ieee.std_logic_1164.STD_LOGIC_VECTOR.
# ** Warning: ../../proj/src/bshiftr.vhd(54): (vopt-1152) Index value 34 is out of index range 31 downto 0 of ieee.std_logic_1164.STD_LOGIC_VECTOR.
# ** Warning: ../../proj/src/bshiftr.vhd(54): (vopt-1152) Index value 35 is out of index range 31 downto 0 of ieee.std_logic_1164.STD_LOGIC_VECTOR.
# ** Warning: ../../proj/src/bshiftr.vhd(54): (vopt-1152) Index value 36 is out of index range 31 downto 0 of ieee.std_logic_1164.STD_LOGIC_VECTOR.
# ** Warning: ../../proj/src/bshiftr.vhd(54): (vopt-1152) Index value 37 is out of index range 31 downto 0 of ieee.std_logic_1164.STD_LOGIC_VECTOR.
# ** Warning: ../../proj/src/bshiftr.vhd(54): (vopt-1152) Index value 38 is out of index range 31 downto 0 of ieee.std_logic_1164.STD_LOGIC_VECTOR.
# ** Warning: ../../proj/src/bshiftr.vhd(54): (vopt-1152) Index value 39 is out of index range 31 downto 0 of ieee.std_logic_1164.STD_LOGIC_VECTOR.
# ** Warning: ../../proj/src/bshiftr.vhd(60): (vopt-1152) Index value 32 is out of index range 31 downto 0 of ieee.std_logic_1164.STD_LOGIC_VECTOR.
# ** Warning: ../../proj/src/bshiftr.vhd(60): (vopt-1152) Index value 33 is out of index range 31 downto 0 of ieee.std_logic_1164.STD_LOGIC_VECTOR.
# ** Warning: ../../proj/src/bshiftr.vhd(60): (vopt-1152) Index value 34 is out of index range 31 downto 0 of ieee.std_logic_1164.STD_LOGIC_VECTOR.
# ** Warning: ../../proj/src/bshiftr.vhd(60): (vopt-1152) Index value 35 is out of index range 31 downto 0 of ieee.std_logic_1164.STD_LOGIC_VECTOR.
# ** Warning: ../../proj/src/bshiftr.vhd(60): (vopt-1152) Index value 36 is out of index range 31 downto 0 of ieee.std_logic_1164.STD_LOGIC_VECTOR.
# ** Warning: ../../proj/src/bshiftr.vhd(60): (vopt-1152) Index value 37 is out of index range 31 downto 0 of ieee.std_logic_1164.STD_LOGIC_VECTOR.
# ** Warning: ../../proj/src/bshiftr.vhd(60): (vopt-1152) Index value 38 is out of index range 31 downto 0 of ieee.std_logic_1164.STD_LOGIC_VECTOR.
# ** Warning: ../../proj/src/bshiftr.vhd(60): (vopt-1152) Index value 39 is out of index range 31 downto 0 of ieee.std_logic_1164.STD_LOGIC_VECTOR.
# ** Warning: ../../proj/src/bshiftr.vhd(60): (vopt-1152) Index value 40 is out of index range 31 downto 0 of ieee.std_logic_1164.STD_LOGIC_VECTOR.
# ** Warning: ../../proj/src/bshiftr.vhd(60): (vopt-1152) Index value 41 is out of index range 31 downto 0 of ieee.std_logic_1164.STD_LOGIC_VECTOR.
# ** Warning: ../../proj/src/bshiftr.vhd(60): (vopt-1152) Index value 42 is out of index range 31 downto 0 of ieee.std_logic_1164.STD_LOGIC_VECTOR.
# ** Warning: ../../proj/src/bshiftr.vhd(60): (vopt-1152) Index value 43 is out of index range 31 downto 0 of ieee.std_logic_1164.STD_LOGIC_VECTOR.
# ** Warning: ../../proj/src/bshiftr.vhd(60): (vopt-1152) Index value 44 is out of index range 31 downto 0 of ieee.std_logic_1164.STD_LOGIC_VECTOR.
# ** Warning: ../../proj/src/bshiftr.vhd(60): (vopt-1152) Index value 45 is out of index range 31 downto 0 of ieee.std_logic_1164.STD_LOGIC_VECTOR.
# ** Warning: ../../proj/src/bshiftr.vhd(60): (vopt-1152) Index value 46 is out of index range 31 downto 0 of ieee.std_logic_1164.STD_LOGIC_VECTOR.
# ** Warning: ../../proj/src/bshiftr.vhd(60): (vopt-1152) Index value 47 is out of index range 31 downto 0 of ieee.std_logic_1164.STD_LOGIC_VECTOR.
# ** Note: (vopt-4301) Memory core inferred for signal 'ram' width=32, depth=1024, type=RAM at location proj/src/TopLevel/mem.vhd:35
# ** Note: (vsim-12126) Error and warning message counts have been restored: Errors=0, Warnings=32.
# //  Questa Sim-64
# //  Version 2025.1_2 linux_x86_64 Apr  7 2025
# //
# // Unpublished work. Copyright 2025 Siemens
# //
# // This material contains trade secrets or otherwise confidential information
# // owned by Siemens Industry Software Inc. or its affiliates (collectively,
# // "SISW"), or its licensors. Access to and use of this information is strictly
# // limited as set forth in the Customer's applicable agreements with SISW.
# //
# // This material may not be copied, distributed, or otherwise disclosed outside
# // of the Customer's facilities without the express written permission of SISW,
# // and may not be used in any way not expressly authorized by SISW.
# //
# Loading std.standard
# Loading std.textio(body)
# Loading ieee.std_logic_1164(body)
# Loading ieee.std_logic_textio(body)
# Loading std.env(body)
# Loading work.tb(mixed)#1
# Loading work.riscv_types(body)
# Loading work.riscv_processor(structure)#1
# Loading ieee.numeric_std(body)
# Loading work.mem(rtl)#1
# Loading work.fetch(structure)#1
# Loading work.andg2(dataflow)#1
# Loading work.busmux2to1(dataflow)#1
# Loading work.reg(structure)#1
# Loading work.dffg(mixed)#1
# Loading work.ripple_adder(structure)#1
# Loading work.full_adder(structure)#1
# Loading work.xorg2(dataflow)#1
# Loading work.org2(dataflow)#1
# Loading work.regfile(structure)#1
# Loading work.dec5to32(dataflow)#1
# Loading work.mux32to1(dataflow)#1
# Loading work.alu(structure)#1
# Loading work.bshiftr(structural)#1
# Loading work.andg32(dataflow)#1
# Loading work.xorg32(dataflow)#1
# Loading work.org32(dataflow)#1
# Loading work.norg32(dataflow)#1
# Loading work.addsubi(structure)#1
# Loading work.mux2to1(dataflow)#1
# Loading work.extender(structure)#1
# Loading work.control(behavioral)#1
# Loading work.alu_control(behavioral)#1
# ** Note: (vsim-8900) Creating design debug database vsim.dbg.
# do modelsim_framework.do
# ** Warning: NUMERIC_STD.TO_INTEGER: metavalue detected, returning 0
#    Time: 0 ns  Iteration: 0  Instance: /tb/MyRiscv/regfile_i/busmux2
# ** Warning: NUMERIC_STD.TO_INTEGER: metavalue detected, returning 0
#    Time: 0 ns  Iteration: 0  Instance: /tb/MyRiscv/regfile_i/busmux1
# ** Warning: NUMERIC_STD.TO_INTEGER: metavalue detected, returning 0
#    Time: 0 ns  Iteration: 0  Instance: /tb/MyRiscv/DMem
# ** Warning: NUMERIC_STD.TO_INTEGER: metavalue detected, returning 0
#    Time: 0 ns  Iteration: 0  Instance: /tb/MyRiscv/IMem
# ** Warning: NUMERIC_STD.TO_INTEGER: metavalue detected, returning 0
#    Time: 5 ns  Iteration: 10  Instance: /tb/MyRiscv/DMem
# ** Warning: NUMERIC_STD.TO_INTEGER: metavalue detected, returning 0
#    Time: 5 ns  Iteration: 11  Instance: /tb/MyRiscv/DMem
# ** Warning: NUMERIC_STD.TO_INTEGER: metavalue detected, returning 0
#    Time: 5 ns  Iteration: 12  Instance: /tb/MyRiscv/DMem
# ** Warning: NUMERIC_STD.TO_INTEGER: metavalue detected, returning 0
#    Time: 5 ns  Iteration: 14  Instance: /tb/MyRiscv/DMem
# ** Warning: NUMERIC_STD.TO_INTEGER: metavalue detected, returning 0
#    Time: 5 ns  Iteration: 16  Instance: /tb/MyRiscv/DMem
# ** Note: Data structure takes 55728264 bytes of memory
#          Process time 0.08 seconds
#          stop
#    Time: 400 ns  Iteration: 1  Instance: /tb
# Break in Process P_DUMP_STATE at /home/layneben/Downloads/cpre3810-toolflow/internal/testpy/tb.vhd line 150
# Stopped at /home/layneben/Downloads/cpre3810-toolflow/internal/testpy/tb.vhd line 150
# End time: 03:40:50 on Nov 13,2025, Elapsed time: 0:00:02
# Errors: 0, Warnings: 41
