In clock cycle: 0
Register Write to Reg: 0x05 Val: 0xFFFFFDEA
In clock cycle: 1
Register Write to Reg: 0x05 Val: 0xFFFFFCD9
In clock cycle: 2
Register Write to Reg: 0x06 Val: 0xFFFFFCD9
In clock cycle: 3
Register Write to Reg: 0x07 Val: 0x000000FC
In clock cycle: 4
Register Write to Reg: 0x07 Val: 0x000000F0
In clock cycle: 6
Register Write to Reg: 0x05 Val: 0xFFFFFCAF
In clock cycle: 7
Register Write to Reg: 0x05 Val: 0xFFFFF76D
In clock cycle: 8
Register Write to Reg: 0x06 Val: 0xFFFFF76C
In clock cycle: 9
Register Write to Reg: 0x07 Val: 0x000000FC
In clock cycle: 10
Register Write to Reg: 0x07 Val: 0x000000DC
In clock cycle: 12
Register Write to Reg: 0x1C Val: 0x000007FF
In clock cycle: 13
Register Write to Reg: 0x07 Val: 0x000000FC
In clock cycle: 14
Register Write to Reg: 0x07 Val: 0x000000D0
Execution is stopping! Clock Cycle: 16
